[
  {
    "line": 1,
    "elements": [
      {
        "start_timestamp": "2022-07-20T01:25:23.879Z",
        "before": [
          {
            "result": {
              "error_message": "io.github.bonigarcia.wdm.WebDriverManagerException: java.util.NoSuchElementException\r\n\tat io.github.bonigarcia.wdm.WebDriverManager.handleException(WebDriverManager.java:776)\r\n\tat io.github.bonigarcia.wdm.WebDriverManager.manage(WebDriverManager.java:550)\r\n\tat io.github.bonigarcia.wdm.WebDriverManager.handleException(WebDriverManager.java:773)\r\n\tat io.github.bonigarcia.wdm.WebDriverManager.manage(WebDriverManager.java:550)\r\n\tat io.github.bonigarcia.wdm.WebDriverManager.handleException(WebDriverManager.java:766)\r\n\tat io.github.bonigarcia.wdm.WebDriverManager.manage(WebDriverManager.java:550)\r\n\tat io.github.bonigarcia.wdm.WebDriverManager.setup(WebDriverManager.java:260)\r\n\tat core.BaseClass.browser(BaseClass.java:101)\r\n\tat stepDefinitions.Initializer.beforeHooks(Initializer.java:26)\r\nCaused by: java.util.NoSuchElementException\r\n\tat java.util.ArrayList$Itr.next(ArrayList.java:864)\r\n\tat io.github.bonigarcia.wdm.EdgeDriverManager.checkLatest(EdgeDriverManager.java:179)\r\n\tat io.github.bonigarcia.wdm.WebDriverManager.filterCandidateUrls(WebDriverManager.java:799)\r\n\tat io.github.bonigarcia.wdm.WebDriverManager.downloadAndExport(WebDriverManager.java:568)\r\n\tat io.github.bonigarcia.wdm.WebDriverManager.manage(WebDriverManager.java:547)\r\n\tat io.github.bonigarcia.wdm.WebDriverManager.handleException(WebDriverManager.java:773)\r\n\tat io.github.bonigarcia.wdm.WebDriverManager.manage(WebDriverManager.java:550)\r\n\tat io.github.bonigarcia.wdm.WebDriverManager.handleException(WebDriverManager.java:766)\r\n\tat io.github.bonigarcia.wdm.WebDriverManager.manage(WebDriverManager.java:550)\r\n\tat io.github.bonigarcia.wdm.WebDriverManager.setup(WebDriverManager.java:260)\r\n\tat core.BaseClass.browser(BaseClass.java:101)\r\n\tat stepDefinitions.Initializer.beforeHooks(Initializer.java:26)\r\n\tat sun.reflect.NativeMethodAccessorImpl.invoke0(Native Method)\r\n\tat sun.reflect.NativeMethodAccessorImpl.invoke(NativeMethodAccessorImpl.java:62)\r\n\tat sun.reflect.DelegatingMethodAccessorImpl.invoke(DelegatingMethodAccessorImpl.java:43)\r\n\tat java.lang.reflect.Method.invoke(Method.java:498)\r\n\tat io.cucumber.java.Invoker.doInvoke(Invoker.java:66)\r\n\tat io.cucumber.java.Invoker.invoke(Invoker.java:24)\r\n\tat io.cucumber.java.AbstractGlueDefinition.invokeMethod(AbstractGlueDefinition.java:47)\r\n\tat io.cucumber.java.JavaHookDefinition.execute(JavaHookDefinition.java:59)\r\n\tat io.cucumber.core.runner.CoreHookDefinition.execute(CoreHookDefinition.java:46)\r\n\tat io.cucumber.core.runner.HookDefinitionMatch.runStep(HookDefinitionMatch.java:21)\r\n\tat io.cucumber.core.runner.ExecutionMode$1.execute(ExecutionMode.java:10)\r\n\tat io.cucumber.core.runner.TestStep.executeStep(TestStep.java:92)\r\n\tat io.cucumber.core.runner.TestStep.run(TestStep.java:64)\r\n\tat io.cucumber.core.runner.TestCase.run(TestCase.java:98)\r\n\tat io.cucumber.core.runner.Runner.runPickle(Runner.java:73)\r\n\tat io.cucumber.junit.PickleRunners$NoStepDescriptions.run(PickleRunners.java:151)\r\n\tat io.cucumber.junit.FeatureRunner.runChild(FeatureRunner.java:135)\r\n\tat io.cucumber.junit.FeatureRunner.runChild(FeatureRunner.java:27)\r\n\tat org.junit.runners.ParentRunner$3.run(ParentRunner.java:238)\r\n\tat org.junit.runners.ParentRunner$1.schedule(ParentRunner.java:63)\r\n\tat org.junit.runners.ParentRunner.runChildren(ParentRunner.java:236)\r\n\tat org.junit.runners.ParentRunner.access$000(ParentRunner.java:53)\r\n\tat org.junit.runners.ParentRunner$2.evaluate(ParentRunner.java:229)\r\n\tat org.junit.runners.ParentRunner.run(ParentRunner.java:309)\r\n\tat io.cucumber.junit.Cucumber.runChild(Cucumber.java:200)\r\n\tat io.cucumber.junit.Cucumber.runChild(Cucumber.java:90)\r\n\tat org.junit.runners.ParentRunner$3.run(ParentRunner.java:238)\r\n\tat org.junit.runners.ParentRunner$1.schedule(ParentRunner.java:63)\r\n\tat org.junit.runners.ParentRunner.runChildren(ParentRunner.java:236)\r\n\tat org.junit.runners.ParentRunner.access$000(ParentRunner.java:53)\r\n\tat org.junit.runners.ParentRunner$2.evaluate(ParentRunner.java:229)\r\n\tat io.cucumber.junit.Cucumber$RunCucumber.evaluate(Cucumber.java:235)\r\n\tat org.junit.internal.runners.statements.RunAfters.evaluate(RunAfters.java:27)\r\n\tat org.junit.runners.ParentRunner.run(ParentRunner.java:309)\r\n\tat org.eclipse.jdt.internal.junit4.runner.JUnit4TestReference.run(JUnit4TestReference.java:89)\r\n\tat org.eclipse.jdt.internal.junit.runner.TestExecution.run(TestExecution.java:41)\r\n\tat org.eclipse.jdt.internal.junit.runner.RemoteTestRunner.runTests(RemoteTestRunner.java:541)\r\n\tat org.eclipse.jdt.internal.junit.runner.RemoteTestRunner.runTests(RemoteTestRunner.java:763)\r\n\tat org.eclipse.jdt.internal.junit.runner.RemoteTestRunner.run(RemoteTestRunner.java:463)\r\n\tat org.eclipse.jdt.internal.junit.runner.RemoteTestRunner.main(RemoteTestRunner.java:209)\r\n",
              "duration": 6853000000,
              "status": "failed"
            },
            "match": {
              "location": "stepDefinitions.Initializer.beforeHooks(io.cucumber.java.Scenario)"
            }
          }
        ],
        "line": 3,
        "name": "Check login is successful with valid credentials",
        "description": "",
        "id": "test-login-functionality;check-login-is-successful-with-valid-credentials",
        "after": [
          {
            "result": {
              "error_message": "java.lang.NullPointerException\r\n\tat stepDefinitions.Initializer.afterHooks(Initializer.java:39)\r\n",
              "duration": 3000000,
              "status": "failed"
            },
            "match": {
              "location": "stepDefinitions.Initializer.afterHooks(io.cucumber.java.Scenario)"
            }
          }
        ],
        "type": "scenario",
        "keyword": "Scenario",
        "steps": [
          {
            "result": {
              "duration": 1000000,
              "status": "skipped"
            },
            "line": 4,
            "name": "browser is open",
            "match": {
              "location": "stepDefinitions.LoginDemoSteps.browser_is_open()"
            },
            "keyword": "Given "
          },
          {
            "result": {
              "status": "skipped"
            },
            "line": 5,
            "name": "user enters username and password",
            "match": {
              "location": "stepDefinitions.LoginDemoSteps.user_enters_username_and_password()"
            },
            "keyword": "When "
          },
          {
            "result": {
              "status": "skipped"
            },
            "line": 6,
            "name": "user click on login",
            "match": {
              "location": "stepDefinitions.LoginDemoSteps.user_click_on_login()"
            },
            "keyword": "And "
          },
          {
            "result": {
              "status": "skipped"
            },
            "line": 7,
            "name": "user is navigated to the home page",
            "match": {
              "location": "stepDefinitions.LoginDemoSteps.user_is_navigated_to_the_home_page()"
            },
            "keyword": "Then "
          },
          {
            "result": {
              "status": "skipped"
            },
            "line": 8,
            "name": "user click on logout button",
            "match": {
              "location": "stepDefinitions.LoginDemoSteps.user_click_on_logout_button()"
            },
            "keyword": "Then "
          }
        ],
        "tags": [
          {
            "name": "@loginDemoTest"
          }
        ]
      }
    ],
    "name": "Test login functionality",
    "description": "",
    "id": "test-login-functionality",
    "keyword": "Feature",
    "uri": "classpath:features/LoginDemo.feature",
    "tags": []
  },
  {
    "line": 1,
    "elements": [
      {
        "start_timestamp": "2022-07-20T01:25:30.831Z",
        "before": [
          {
            "result": {
              "error_message": "io.github.bonigarcia.wdm.WebDriverManagerException: java.util.NoSuchElementException\r\n\tat io.github.bonigarcia.wdm.WebDriverManager.handleException(WebDriverManager.java:776)\r\n\tat io.github.bonigarcia.wdm.WebDriverManager.manage(WebDriverManager.java:550)\r\n\tat io.github.bonigarcia.wdm.WebDriverManager.handleException(WebDriverManager.java:773)\r\n\tat io.github.bonigarcia.wdm.WebDriverManager.manage(WebDriverManager.java:550)\r\n\tat io.github.bonigarcia.wdm.WebDriverManager.handleException(WebDriverManager.java:766)\r\n\tat io.github.bonigarcia.wdm.WebDriverManager.manage(WebDriverManager.java:550)\r\n\tat io.github.bonigarcia.wdm.WebDriverManager.setup(WebDriverManager.java:260)\r\n\tat core.BaseClass.browser(BaseClass.java:101)\r\n\tat stepDefinitions.Initializer.beforeHooks(Initializer.java:26)\r\nCaused by: java.util.NoSuchElementException\r\n\tat java.util.ArrayList$Itr.next(ArrayList.java:864)\r\n\tat io.github.bonigarcia.wdm.EdgeDriverManager.checkLatest(EdgeDriverManager.java:179)\r\n\tat io.github.bonigarcia.wdm.WebDriverManager.filterCandidateUrls(WebDriverManager.java:799)\r\n\tat io.github.bonigarcia.wdm.WebDriverManager.downloadAndExport(WebDriverManager.java:568)\r\n\tat io.github.bonigarcia.wdm.WebDriverManager.manage(WebDriverManager.java:547)\r\n\tat io.github.bonigarcia.wdm.WebDriverManager.handleException(WebDriverManager.java:773)\r\n\tat io.github.bonigarcia.wdm.WebDriverManager.manage(WebDriverManager.java:550)\r\n\tat io.github.bonigarcia.wdm.WebDriverManager.handleException(WebDriverManager.java:766)\r\n\tat io.github.bonigarcia.wdm.WebDriverManager.manage(WebDriverManager.java:550)\r\n\tat io.github.bonigarcia.wdm.WebDriverManager.setup(WebDriverManager.java:260)\r\n\tat core.BaseClass.browser(BaseClass.java:101)\r\n\tat stepDefinitions.Initializer.beforeHooks(Initializer.java:26)\r\n\tat sun.reflect.NativeMethodAccessorImpl.invoke0(Native Method)\r\n\tat sun.reflect.NativeMethodAccessorImpl.invoke(NativeMethodAccessorImpl.java:62)\r\n\tat sun.reflect.DelegatingMethodAccessorImpl.invoke(DelegatingMethodAccessorImpl.java:43)\r\n\tat java.lang.reflect.Method.invoke(Method.java:498)\r\n\tat io.cucumber.java.Invoker.doInvoke(Invoker.java:66)\r\n\tat io.cucumber.java.Invoker.invoke(Invoker.java:24)\r\n\tat io.cucumber.java.AbstractGlueDefinition.invokeMethod(AbstractGlueDefinition.java:47)\r\n\tat io.cucumber.java.JavaHookDefinition.execute(JavaHookDefinition.java:59)\r\n\tat io.cucumber.core.runner.CoreHookDefinition.execute(CoreHookDefinition.java:46)\r\n\tat io.cucumber.core.runner.HookDefinitionMatch.runStep(HookDefinitionMatch.java:21)\r\n\tat io.cucumber.core.runner.ExecutionMode$1.execute(ExecutionMode.java:10)\r\n\tat io.cucumber.core.runner.TestStep.executeStep(TestStep.java:92)\r\n\tat io.cucumber.core.runner.TestStep.run(TestStep.java:64)\r\n\tat io.cucumber.core.runner.TestCase.run(TestCase.java:98)\r\n\tat io.cucumber.core.runner.Runner.runPickle(Runner.java:73)\r\n\tat io.cucumber.junit.PickleRunners$NoStepDescriptions.run(PickleRunners.java:151)\r\n\tat io.cucumber.junit.FeatureRunner.runChild(FeatureRunner.java:135)\r\n\tat io.cucumber.junit.FeatureRunner.runChild(FeatureRunner.java:27)\r\n\tat org.junit.runners.ParentRunner$3.run(ParentRunner.java:238)\r\n\tat org.junit.runners.ParentRunner$1.schedule(ParentRunner.java:63)\r\n\tat org.junit.runners.ParentRunner.runChildren(ParentRunner.java:236)\r\n\tat org.junit.runners.ParentRunner.access$000(ParentRunner.java:53)\r\n\tat org.junit.runners.ParentRunner$2.evaluate(ParentRunner.java:229)\r\n\tat org.junit.runners.ParentRunner.run(ParentRunner.java:309)\r\n\tat io.cucumber.junit.Cucumber.runChild(Cucumber.java:200)\r\n\tat io.cucumber.junit.Cucumber.runChild(Cucumber.java:90)\r\n\tat org.junit.runners.ParentRunner$3.run(ParentRunner.java:238)\r\n\tat org.junit.runners.ParentRunner$1.schedule(ParentRunner.java:63)\r\n\tat org.junit.runners.ParentRunner.runChildren(ParentRunner.java:236)\r\n\tat org.junit.runners.ParentRunner.access$000(ParentRunner.java:53)\r\n\tat org.junit.runners.ParentRunner$2.evaluate(ParentRunner.java:229)\r\n\tat io.cucumber.junit.Cucumber$RunCucumber.evaluate(Cucumber.java:235)\r\n\tat org.junit.internal.runners.statements.RunAfters.evaluate(RunAfters.java:27)\r\n\tat org.junit.runners.ParentRunner.run(ParentRunner.java:309)\r\n\tat org.eclipse.jdt.internal.junit4.runner.JUnit4TestReference.run(JUnit4TestReference.java:89)\r\n\tat org.eclipse.jdt.internal.junit.runner.TestExecution.run(TestExecution.java:41)\r\n\tat org.eclipse.jdt.internal.junit.runner.RemoteTestRunner.runTests(RemoteTestRunner.java:541)\r\n\tat org.eclipse.jdt.internal.junit.runner.RemoteTestRunner.runTests(RemoteTestRunner.java:763)\r\n\tat org.eclipse.jdt.internal.junit.runner.RemoteTestRunner.run(RemoteTestRunner.java:463)\r\n\tat org.eclipse.jdt.internal.junit.runner.RemoteTestRunner.main(RemoteTestRunner.java:209)\r\n",
              "duration": 846000000,
              "status": "failed"
            },
            "match": {
              "location": "stepDefinitions.Initializer.beforeHooks(io.cucumber.java.Scenario)"
            }
          }
        ],
        "line": 4,
        "name": "Register with Test Environment  Website",
        "description": "",
        "id": "registeration;register-with-test-environment--website",
        "after": [
          {
            "result": {
              "error_message": "java.lang.NullPointerException\r\n\tat stepDefinitions.Initializer.afterHooks(Initializer.java:39)\r\n",
              "status": "failed"
            },
            "match": {
              "location": "stepDefinitions.Initializer.afterHooks(io.cucumber.java.Scenario)"
            }
          }
        ],
        "type": "scenario",
        "keyword": "Scenario",
        "steps": [
          {
            "result": {
              "status": "skipped"
            },
            "line": 6,
            "name": "I am on Test Environment Home Page",
            "match": {
              "location": "stepDefinitions.MultiLoginSteps.I_am_on_Test_Environment_Home_Page()"
            },
            "keyword": "Given "
          },
          {
            "result": {
              "status": "skipped"
            },
            "line": 7,
            "name": "I click on My Account button",
            "match": {
              "location": "stepDefinitions.MultiLoginSteps.I_clickon_My_Account_button()"
            },
            "keyword": "When "
          },
          {
            "result": {
              "status": "skipped"
            },
            "line": 8,
            "name": "I click on register link",
            "match": {
              "location": "stepDefinitions.DataTableSteps.i_click_on_register_link()"
            },
            "keyword": "And "
          },
          {
            "result": {
              "status": "skipped"
            },
            "line": 9,
            "name": "I fill the registration form",
            "match": {
              "location": "stepDefinitions.DataTableSteps.i_fill_the_registration_form(io.cucumber.datatable.DataTable)"
            },
            "rows": [
              {
                "cells": [
                  "firstname",
                  "lastname",
                  "email",
                  "telephone",
                  "password",
                  "confirmPassword"
                ]
              },
              {
                "cells": [
                  "tigers",
                  "tekschool",
                  "tigerstekschool2020@gmail.com",
                  "1234567891",
                  "tigers123",
                  "tigers123"
                ]
              }
            ],
            "keyword": "And "
          },
          {
            "result": {
              "status": "skipped"
            },
            "line": 12,
            "name": "I subscribe to newsletter",
            "match": {
              "location": "stepDefinitions.DataTableSteps.i_subscribe_to_newsletter()"
            },
            "keyword": "And "
          },
          {
            "result": {
              "status": "skipped"
            },
            "line": 13,
            "name": "I agree to privacy policy",
            "match": {
              "location": "stepDefinitions.DataTableSteps.i_agree_to_privacy_policy()"
            },
            "keyword": "And "
          },
          {
            "result": {
              "status": "skipped"
            },
            "line": 14,
            "name": "I click on continue button",
            "match": {
              "location": "stepDefinitions.DataTableSteps.i_click_on_continue_button()"
            },
            "keyword": "And "
          },
          {
            "result": {
              "status": "skipped"
            },
            "line": 15,
            "name": "I validate my account is created successfully",
            "match": {
              "location": "stepDefinitions.DataTableSteps.i_validate_my_account_is_created_successfully()"
            },
            "keyword": "Then "
          }
        ],
        "tags": [
          {
            "name": "@dataTbaleTest"
          }
        ]
      }
    ],
    "name": "Registeration",
    "description": "",
    "id": "registeration",
    "keyword": "Feature",
    "uri": "classpath:features/datatablepractice.feature",
    "tags": []
  },
  {
    "line": 1,
    "elements": [
      {
        "start_timestamp": "2022-07-20T01:25:31.690Z",
        "before": [
          {
            "result": {
              "error_message": "io.github.bonigarcia.wdm.WebDriverManagerException: java.util.NoSuchElementException\r\n\tat io.github.bonigarcia.wdm.WebDriverManager.handleException(WebDriverManager.java:776)\r\n\tat io.github.bonigarcia.wdm.WebDriverManager.manage(WebDriverManager.java:550)\r\n\tat io.github.bonigarcia.wdm.WebDriverManager.handleException(WebDriverManager.java:773)\r\n\tat io.github.bonigarcia.wdm.WebDriverManager.manage(WebDriverManager.java:550)\r\n\tat io.github.bonigarcia.wdm.WebDriverManager.handleException(WebDriverManager.java:766)\r\n\tat io.github.bonigarcia.wdm.WebDriverManager.manage(WebDriverManager.java:550)\r\n\tat io.github.bonigarcia.wdm.WebDriverManager.setup(WebDriverManager.java:260)\r\n\tat core.BaseClass.browser(BaseClass.java:101)\r\n\tat stepDefinitions.Initializer.beforeHooks(Initializer.java:26)\r\nCaused by: java.util.NoSuchElementException\r\n\tat java.util.ArrayList$Itr.next(ArrayList.java:864)\r\n\tat io.github.bonigarcia.wdm.EdgeDriverManager.checkLatest(EdgeDriverManager.java:179)\r\n\tat io.github.bonigarcia.wdm.WebDriverManager.filterCandidateUrls(WebDriverManager.java:799)\r\n\tat io.github.bonigarcia.wdm.WebDriverManager.downloadAndExport(WebDriverManager.java:568)\r\n\tat io.github.bonigarcia.wdm.WebDriverManager.manage(WebDriverManager.java:547)\r\n\tat io.github.bonigarcia.wdm.WebDriverManager.handleException(WebDriverManager.java:773)\r\n\tat io.github.bonigarcia.wdm.WebDriverManager.manage(WebDriverManager.java:550)\r\n\tat io.github.bonigarcia.wdm.WebDriverManager.handleException(WebDriverManager.java:766)\r\n\tat io.github.bonigarcia.wdm.WebDriverManager.manage(WebDriverManager.java:550)\r\n\tat io.github.bonigarcia.wdm.WebDriverManager.setup(WebDriverManager.java:260)\r\n\tat core.BaseClass.browser(BaseClass.java:101)\r\n\tat stepDefinitions.Initializer.beforeHooks(Initializer.java:26)\r\n\tat sun.reflect.NativeMethodAccessorImpl.invoke0(Native Method)\r\n\tat sun.reflect.NativeMethodAccessorImpl.invoke(NativeMethodAccessorImpl.java:62)\r\n\tat sun.reflect.DelegatingMethodAccessorImpl.invoke(DelegatingMethodAccessorImpl.java:43)\r\n\tat java.lang.reflect.Method.invoke(Method.java:498)\r\n\tat io.cucumber.java.Invoker.doInvoke(Invoker.java:66)\r\n\tat io.cucumber.java.Invoker.invoke(Invoker.java:24)\r\n\tat io.cucumber.java.AbstractGlueDefinition.invokeMethod(AbstractGlueDefinition.java:47)\r\n\tat io.cucumber.java.JavaHookDefinition.execute(JavaHookDefinition.java:59)\r\n\tat io.cucumber.core.runner.CoreHookDefinition.execute(CoreHookDefinition.java:46)\r\n\tat io.cucumber.core.runner.HookDefinitionMatch.runStep(HookDefinitionMatch.java:21)\r\n\tat io.cucumber.core.runner.ExecutionMode$1.execute(ExecutionMode.java:10)\r\n\tat io.cucumber.core.runner.TestStep.executeStep(TestStep.java:92)\r\n\tat io.cucumber.core.runner.TestStep.run(TestStep.java:64)\r\n\tat io.cucumber.core.runner.TestCase.run(TestCase.java:98)\r\n\tat io.cucumber.core.runner.Runner.runPickle(Runner.java:73)\r\n\tat io.cucumber.junit.PickleRunners$NoStepDescriptions.run(PickleRunners.java:151)\r\n\tat io.cucumber.junit.FeatureRunner.runChild(FeatureRunner.java:135)\r\n\tat io.cucumber.junit.FeatureRunner.runChild(FeatureRunner.java:27)\r\n\tat org.junit.runners.ParentRunner$3.run(ParentRunner.java:238)\r\n\tat org.junit.runners.ParentRunner$1.schedule(ParentRunner.java:63)\r\n\tat org.junit.runners.ParentRunner.runChildren(ParentRunner.java:236)\r\n\tat org.junit.runners.ParentRunner.access$000(ParentRunner.java:53)\r\n\tat org.junit.runners.ParentRunner$2.evaluate(ParentRunner.java:229)\r\n\tat org.junit.runners.ParentRunner.run(ParentRunner.java:309)\r\n\tat io.cucumber.junit.Cucumber.runChild(Cucumber.java:200)\r\n\tat io.cucumber.junit.Cucumber.runChild(Cucumber.java:90)\r\n\tat org.junit.runners.ParentRunner$3.run(ParentRunner.java:238)\r\n\tat org.junit.runners.ParentRunner$1.schedule(ParentRunner.java:63)\r\n\tat org.junit.runners.ParentRunner.runChildren(ParentRunner.java:236)\r\n\tat org.junit.runners.ParentRunner.access$000(ParentRunner.java:53)\r\n\tat org.junit.runners.ParentRunner$2.evaluate(ParentRunner.java:229)\r\n\tat io.cucumber.junit.Cucumber$RunCucumber.evaluate(Cucumber.java:235)\r\n\tat org.junit.internal.runners.statements.RunAfters.evaluate(RunAfters.java:27)\r\n\tat org.junit.runners.ParentRunner.run(ParentRunner.java:309)\r\n\tat org.eclipse.jdt.internal.junit4.runner.JUnit4TestReference.run(JUnit4TestReference.java:89)\r\n\tat org.eclipse.jdt.internal.junit.runner.TestExecution.run(TestExecution.java:41)\r\n\tat org.eclipse.jdt.internal.junit.runner.RemoteTestRunner.runTests(RemoteTestRunner.java:541)\r\n\tat org.eclipse.jdt.internal.junit.runner.RemoteTestRunner.runTests(RemoteTestRunner.java:763)\r\n\tat org.eclipse.jdt.internal.junit.runner.RemoteTestRunner.run(RemoteTestRunner.java:463)\r\n\tat org.eclipse.jdt.internal.junit.runner.RemoteTestRunner.main(RemoteTestRunner.java:209)\r\n",
              "duration": 908000000,
              "status": "failed"
            },
            "match": {
              "location": "stepDefinitions.Initializer.beforeHooks(io.cucumber.java.Scenario)"
            }
          }
        ],
        "line": 3,
        "name": "Validate Tablets tab on the UI",
        "description": "",
        "id": "desktop-items;validate-tablets-tab-on-the-ui",
        "after": [
          {
            "result": {
              "error_message": "java.lang.NullPointerException\r\n\tat stepDefinitions.Initializer.afterHooks(Initializer.java:39)\r\n",
              "status": "failed"
            },
            "match": {
              "location": "stepDefinitions.Initializer.afterHooks(io.cucumber.java.Scenario)"
            }
          }
        ],
        "type": "scenario",
        "keyword": "Scenario",
        "steps": [
          {
            "result": {
              "status": "skipped"
            },
            "line": 7,
            "name": "I am on Test Environment Home Page",
            "match": {
              "location": "stepDefinitions.MultiLoginSteps.I_am_on_Test_Environment_Home_Page()"
            },
            "keyword": "Given "
          },
          {
            "result": {
              "status": "skipped"
            },
            "line": 8,
            "name": "I hover my mouse over desktop dropdown",
            "match": {
              "location": "stepDefinitions.DesktopItemsSteps.i_hover_my_mouse_over_desktop_dropdown()"
            },
            "keyword": "When "
          },
          {
            "result": {
              "status": "skipped"
            },
            "line": 9,
            "name": "I see show all desktops link",
            "match": {
              "location": "stepDefinitions.DesktopItemsSteps.i_see_show_all_desktops_link()"
            },
            "keyword": "Then "
          },
          {
            "result": {
              "status": "skipped"
            },
            "line": 10,
            "name": "I click on show all desktops link",
            "match": {
              "location": "stepDefinitions.DesktopItemsSteps.i_click_on_show_all_desktops_link()"
            },
            "keyword": "And "
          },
          {
            "result": {
              "duration": 1000000,
              "status": "skipped"
            },
            "line": 11,
            "name": "I validate the Tablets tab on the UI",
            "match": {
              "location": "stepDefinitions.DesktopItemsSteps.i_validate_the_tablets_tab_on_the_ui()"
            },
            "keyword": "And "
          }
        ],
        "tags": [
          {
            "name": "@desktopItems"
          }
        ]
      }
    ],
    "name": "Desktop Items",
    "description": "",
    "id": "desktop-items",
    "keyword": "Feature",
    "uri": "classpath:features/desktopItems.feature",
    "tags": []
  },
  {
    "line": 2,
    "elements": [
      {
        "start_timestamp": "2022-07-20T01:25:32.614Z",
        "before": [
          {
            "result": {
              "error_message": "io.github.bonigarcia.wdm.WebDriverManagerException: java.util.NoSuchElementException\r\n\tat io.github.bonigarcia.wdm.WebDriverManager.handleException(WebDriverManager.java:776)\r\n\tat io.github.bonigarcia.wdm.WebDriverManager.manage(WebDriverManager.java:550)\r\n\tat io.github.bonigarcia.wdm.WebDriverManager.handleException(WebDriverManager.java:773)\r\n\tat io.github.bonigarcia.wdm.WebDriverManager.manage(WebDriverManager.java:550)\r\n\tat io.github.bonigarcia.wdm.WebDriverManager.handleException(WebDriverManager.java:766)\r\n\tat io.github.bonigarcia.wdm.WebDriverManager.manage(WebDriverManager.java:550)\r\n\tat io.github.bonigarcia.wdm.WebDriverManager.setup(WebDriverManager.java:260)\r\n\tat core.BaseClass.browser(BaseClass.java:101)\r\n\tat stepDefinitions.Initializer.beforeHooks(Initializer.java:26)\r\nCaused by: java.util.NoSuchElementException\r\n\tat java.util.ArrayList$Itr.next(ArrayList.java:864)\r\n\tat io.github.bonigarcia.wdm.EdgeDriverManager.checkLatest(EdgeDriverManager.java:179)\r\n\tat io.github.bonigarcia.wdm.WebDriverManager.filterCandidateUrls(WebDriverManager.java:799)\r\n\tat io.github.bonigarcia.wdm.WebDriverManager.downloadAndExport(WebDriverManager.java:568)\r\n\tat io.github.bonigarcia.wdm.WebDriverManager.manage(WebDriverManager.java:547)\r\n\tat io.github.bonigarcia.wdm.WebDriverManager.handleException(WebDriverManager.java:773)\r\n\tat io.github.bonigarcia.wdm.WebDriverManager.manage(WebDriverManager.java:550)\r\n\tat io.github.bonigarcia.wdm.WebDriverManager.handleException(WebDriverManager.java:766)\r\n\tat io.github.bonigarcia.wdm.WebDriverManager.manage(WebDriverManager.java:550)\r\n\tat io.github.bonigarcia.wdm.WebDriverManager.setup(WebDriverManager.java:260)\r\n\tat core.BaseClass.browser(BaseClass.java:101)\r\n\tat stepDefinitions.Initializer.beforeHooks(Initializer.java:26)\r\n\tat sun.reflect.NativeMethodAccessorImpl.invoke0(Native Method)\r\n\tat sun.reflect.NativeMethodAccessorImpl.invoke(NativeMethodAccessorImpl.java:62)\r\n\tat sun.reflect.DelegatingMethodAccessorImpl.invoke(DelegatingMethodAccessorImpl.java:43)\r\n\tat java.lang.reflect.Method.invoke(Method.java:498)\r\n\tat io.cucumber.java.Invoker.doInvoke(Invoker.java:66)\r\n\tat io.cucumber.java.Invoker.invoke(Invoker.java:24)\r\n\tat io.cucumber.java.AbstractGlueDefinition.invokeMethod(AbstractGlueDefinition.java:47)\r\n\tat io.cucumber.java.JavaHookDefinition.execute(JavaHookDefinition.java:59)\r\n\tat io.cucumber.core.runner.CoreHookDefinition.execute(CoreHookDefinition.java:46)\r\n\tat io.cucumber.core.runner.HookDefinitionMatch.runStep(HookDefinitionMatch.java:21)\r\n\tat io.cucumber.core.runner.ExecutionMode$1.execute(ExecutionMode.java:10)\r\n\tat io.cucumber.core.runner.TestStep.executeStep(TestStep.java:92)\r\n\tat io.cucumber.core.runner.TestStep.run(TestStep.java:64)\r\n\tat io.cucumber.core.runner.TestCase.run(TestCase.java:98)\r\n\tat io.cucumber.core.runner.Runner.runPickle(Runner.java:73)\r\n\tat io.cucumber.junit.PickleRunners$NoStepDescriptions.run(PickleRunners.java:151)\r\n\tat io.cucumber.junit.FeatureRunner.runChild(FeatureRunner.java:135)\r\n\tat io.cucumber.junit.FeatureRunner.runChild(FeatureRunner.java:27)\r\n\tat org.junit.runners.ParentRunner$3.run(ParentRunner.java:238)\r\n\tat org.junit.runners.ParentRunner$1.schedule(ParentRunner.java:63)\r\n\tat org.junit.runners.ParentRunner.runChildren(ParentRunner.java:236)\r\n\tat org.junit.runners.ParentRunner.access$000(ParentRunner.java:53)\r\n\tat org.junit.runners.ParentRunner$2.evaluate(ParentRunner.java:229)\r\n\tat org.junit.runners.ParentRunner.run(ParentRunner.java:309)\r\n\tat io.cucumber.junit.Cucumber.runChild(Cucumber.java:200)\r\n\tat io.cucumber.junit.Cucumber.runChild(Cucumber.java:90)\r\n\tat org.junit.runners.ParentRunner$3.run(ParentRunner.java:238)\r\n\tat org.junit.runners.ParentRunner$1.schedule(ParentRunner.java:63)\r\n\tat org.junit.runners.ParentRunner.runChildren(ParentRunner.java:236)\r\n\tat org.junit.runners.ParentRunner.access$000(ParentRunner.java:53)\r\n\tat org.junit.runners.ParentRunner$2.evaluate(ParentRunner.java:229)\r\n\tat io.cucumber.junit.Cucumber$RunCucumber.evaluate(Cucumber.java:235)\r\n\tat org.junit.internal.runners.statements.RunAfters.evaluate(RunAfters.java:27)\r\n\tat org.junit.runners.ParentRunner.run(ParentRunner.java:309)\r\n\tat org.eclipse.jdt.internal.junit4.runner.JUnit4TestReference.run(JUnit4TestReference.java:89)\r\n\tat org.eclipse.jdt.internal.junit.runner.TestExecution.run(TestExecution.java:41)\r\n\tat org.eclipse.jdt.internal.junit.runner.RemoteTestRunner.runTests(RemoteTestRunner.java:541)\r\n\tat org.eclipse.jdt.internal.junit.runner.RemoteTestRunner.runTests(RemoteTestRunner.java:763)\r\n\tat org.eclipse.jdt.internal.junit.runner.RemoteTestRunner.run(RemoteTestRunner.java:463)\r\n\tat org.eclipse.jdt.internal.junit.runner.RemoteTestRunner.main(RemoteTestRunner.java:209)\r\n",
              "duration": 934000000,
              "status": "failed"
            },
            "match": {
              "location": "stepDefinitions.Initializer.beforeHooks(io.cucumber.java.Scenario)"
            }
          }
        ],
        "line": 4,
        "name": "Validate Homepage links",
        "description": "",
        "id": "homepage;validate-homepage-links",
        "after": [
          {
            "result": {
              "error_message": "java.lang.NullPointerException\r\n\tat stepDefinitions.Initializer.afterHooks(Initializer.java:39)\r\n",
              "status": "failed"
            },
            "match": {
              "location": "stepDefinitions.Initializer.afterHooks(io.cucumber.java.Scenario)"
            }
          }
        ],
        "type": "scenario",
        "keyword": "Scenario",
        "steps": [
          {
            "result": {
              "status": "skipped"
            },
            "line": 6,
            "name": "I am on Test Environment Home Page",
            "match": {
              "location": "stepDefinitions.MultiLoginSteps.I_am_on_Test_Environment_Home_Page()"
            },
            "keyword": "Given "
          },
          {
            "result": {
              "status": "skipped"
            },
            "line": 7,
            "name": "i validate Desktops \u0027Desktops\u0027 on the UI",
            "match": {
              "arguments": [
                {
                  "val": "\u0027Desktops\u0027",
                  "offset": 20
                }
              ],
              "location": "stepDefinitions.HomepageSteps.i_validate_desktops_on_the_ui(java.lang.String)"
            },
            "keyword": "Then "
          },
          {
            "result": {
              "status": "skipped"
            },
            "line": 8,
            "name": "i validate Laptops \u0026 Notebooks \u0027Laptops \u0026 Notebooks\u0027 on the UI",
            "match": {
              "arguments": [
                {
                  "val": "\u0027Laptops \u0026 Notebooks\u0027",
                  "offset": 31
                }
              ],
              "location": "stepDefinitions.HomepageSteps.i_validate_laptops_notebooks_on_the_ui(java.lang.String)"
            },
            "keyword": "And "
          },
          {
            "result": {
              "status": "skipped"
            },
            "line": 9,
            "name": "i validate Components \u0027Components\u0027 on the UI",
            "match": {
              "arguments": [
                {
                  "val": "\u0027Components\u0027",
                  "offset": 22
                }
              ],
              "location": "stepDefinitions.HomepageSteps.i_validate_components_on_the_ui(java.lang.String)"
            },
            "keyword": "And "
          },
          {
            "result": {
              "status": "skipped"
            },
            "line": 10,
            "name": "i validate Tablets \u0027Tablets\u0027 on the UI",
            "match": {
              "arguments": [
                {
                  "val": "\u0027Tablets\u0027",
                  "offset": 19
                }
              ],
              "location": "stepDefinitions.HomepageSteps.i_validate_tablets_on_the_ui(java.lang.String)"
            },
            "keyword": "And "
          },
          {
            "result": {
              "status": "skipped"
            },
            "line": 11,
            "name": "i validate Software \u0027Software\u0027 on the UI",
            "match": {
              "arguments": [
                {
                  "val": "\u0027Software\u0027",
                  "offset": 20
                }
              ],
              "location": "stepDefinitions.HomepageSteps.i_validate_software_on_the_ui(java.lang.String)"
            },
            "keyword": "And "
          },
          {
            "result": {
              "status": "skipped"
            },
            "line": 12,
            "name": "i validate Phones \u0026 PDAs \u0027Phones \u0026 PDAs\u0027 on the UI",
            "match": {
              "arguments": [
                {
                  "val": "\u0027Phones \u0026 PDAs\u0027",
                  "offset": 25
                }
              ],
              "location": "stepDefinitions.HomepageSteps.i_validate_phones_pd_as_on_the_ui(java.lang.String)"
            },
            "keyword": "And "
          },
          {
            "result": {
              "status": "skipped"
            },
            "line": 13,
            "name": "i validate Cameras \u0027Cameras\u0027 on the UI",
            "match": {
              "arguments": [
                {
                  "val": "\u0027Cameras\u0027",
                  "offset": 19
                }
              ],
              "location": "stepDefinitions.HomepageSteps.i_validate_cameras_on_the_ui(java.lang.String)"
            },
            "keyword": "And "
          },
          {
            "result": {
              "status": "skipped"
            },
            "line": 14,
            "name": "i validate MP3 Players \u0027MP3 Players\u0027 on the UI",
            "match": {
              "arguments": [
                {
                  "val": "\u0027MP3 Players\u0027",
                  "offset": 23
                }
              ],
              "location": "stepDefinitions.HomepageSteps.i_validate_mp3_players_on_the_ui(java.lang.String)"
            },
            "keyword": "And "
          }
        ],
        "tags": [
          {
            "name": "@validateHPLinks"
          }
        ]
      }
    ],
    "name": "Homepage",
    "description": "",
    "id": "homepage",
    "keyword": "Feature",
    "uri": "classpath:features/homepage.feature",
    "tags": []
  },
  {
    "line": 1,
    "elements": [
      {
        "line": 3,
        "name": "",
        "description": "",
        "type": "background",
        "keyword": "Background",
        "steps": [
          {
            "result": {
              "status": "skipped"
            },
            "line": 4,
            "name": "I am on Test Environment Home Page",
            "match": {
              "location": "stepDefinitions.MultiLoginSteps.I_am_on_Test_Environment_Home_Page()"
            },
            "keyword": "Given "
          },
          {
            "result": {
              "status": "skipped"
            },
            "line": 5,
            "name": "I click on My Account button",
            "match": {
              "location": "stepDefinitions.MultiLoginSteps.I_clickon_My_Account_button()"
            },
            "keyword": "When "
          },
          {
            "result": {
              "status": "skipped"
            },
            "line": 6,
            "name": "I click on Login link",
            "match": {
              "location": "stepDefinitions.MultiLoginSteps.I_click_on_Login_link()"
            },
            "keyword": "And "
          }
        ]
      },
      {
        "start_timestamp": "2022-07-20T01:25:33.561Z",
        "before": [
          {
            "result": {
              "error_message": "io.github.bonigarcia.wdm.WebDriverManagerException: java.util.NoSuchElementException\r\n\tat io.github.bonigarcia.wdm.WebDriverManager.handleException(WebDriverManager.java:776)\r\n\tat io.github.bonigarcia.wdm.WebDriverManager.manage(WebDriverManager.java:550)\r\n\tat io.github.bonigarcia.wdm.WebDriverManager.handleException(WebDriverManager.java:773)\r\n\tat io.github.bonigarcia.wdm.WebDriverManager.manage(WebDriverManager.java:550)\r\n\tat io.github.bonigarcia.wdm.WebDriverManager.handleException(WebDriverManager.java:766)\r\n\tat io.github.bonigarcia.wdm.WebDriverManager.manage(WebDriverManager.java:550)\r\n\tat io.github.bonigarcia.wdm.WebDriverManager.setup(WebDriverManager.java:260)\r\n\tat core.BaseClass.browser(BaseClass.java:101)\r\n\tat stepDefinitions.Initializer.beforeHooks(Initializer.java:26)\r\nCaused by: java.util.NoSuchElementException\r\n\tat java.util.ArrayList$Itr.next(ArrayList.java:864)\r\n\tat io.github.bonigarcia.wdm.EdgeDriverManager.checkLatest(EdgeDriverManager.java:179)\r\n\tat io.github.bonigarcia.wdm.WebDriverManager.filterCandidateUrls(WebDriverManager.java:799)\r\n\tat io.github.bonigarcia.wdm.WebDriverManager.downloadAndExport(WebDriverManager.java:568)\r\n\tat io.github.bonigarcia.wdm.WebDriverManager.manage(WebDriverManager.java:547)\r\n\tat io.github.bonigarcia.wdm.WebDriverManager.handleException(WebDriverManager.java:773)\r\n\tat io.github.bonigarcia.wdm.WebDriverManager.manage(WebDriverManager.java:550)\r\n\tat io.github.bonigarcia.wdm.WebDriverManager.handleException(WebDriverManager.java:766)\r\n\tat io.github.bonigarcia.wdm.WebDriverManager.manage(WebDriverManager.java:550)\r\n\tat io.github.bonigarcia.wdm.WebDriverManager.setup(WebDriverManager.java:260)\r\n\tat core.BaseClass.browser(BaseClass.java:101)\r\n\tat stepDefinitions.Initializer.beforeHooks(Initializer.java:26)\r\n\tat sun.reflect.NativeMethodAccessorImpl.invoke0(Native Method)\r\n\tat sun.reflect.NativeMethodAccessorImpl.invoke(NativeMethodAccessorImpl.java:62)\r\n\tat sun.reflect.DelegatingMethodAccessorImpl.invoke(DelegatingMethodAccessorImpl.java:43)\r\n\tat java.lang.reflect.Method.invoke(Method.java:498)\r\n\tat io.cucumber.java.Invoker.doInvoke(Invoker.java:66)\r\n\tat io.cucumber.java.Invoker.invoke(Invoker.java:24)\r\n\tat io.cucumber.java.AbstractGlueDefinition.invokeMethod(AbstractGlueDefinition.java:47)\r\n\tat io.cucumber.java.JavaHookDefinition.execute(JavaHookDefinition.java:59)\r\n\tat io.cucumber.core.runner.CoreHookDefinition.execute(CoreHookDefinition.java:46)\r\n\tat io.cucumber.core.runner.HookDefinitionMatch.runStep(HookDefinitionMatch.java:21)\r\n\tat io.cucumber.core.runner.ExecutionMode$1.execute(ExecutionMode.java:10)\r\n\tat io.cucumber.core.runner.TestStep.executeStep(TestStep.java:92)\r\n\tat io.cucumber.core.runner.TestStep.run(TestStep.java:64)\r\n\tat io.cucumber.core.runner.TestCase.run(TestCase.java:98)\r\n\tat io.cucumber.core.runner.Runner.runPickle(Runner.java:73)\r\n\tat io.cucumber.junit.PickleRunners$NoStepDescriptions.run(PickleRunners.java:151)\r\n\tat io.cucumber.junit.FeatureRunner.runChild(FeatureRunner.java:135)\r\n\tat io.cucumber.junit.FeatureRunner.runChild(FeatureRunner.java:27)\r\n\tat org.junit.runners.ParentRunner$3.run(ParentRunner.java:238)\r\n\tat org.junit.runners.ParentRunner$1.schedule(ParentRunner.java:63)\r\n\tat org.junit.runners.ParentRunner.runChildren(ParentRunner.java:236)\r\n\tat org.junit.runners.ParentRunner.access$000(ParentRunner.java:53)\r\n\tat org.junit.runners.ParentRunner$2.evaluate(ParentRunner.java:229)\r\n\tat org.junit.runners.ParentRunner.run(ParentRunner.java:309)\r\n\tat io.cucumber.junit.Cucumber.runChild(Cucumber.java:200)\r\n\tat io.cucumber.junit.Cucumber.runChild(Cucumber.java:90)\r\n\tat org.junit.runners.ParentRunner$3.run(ParentRunner.java:238)\r\n\tat org.junit.runners.ParentRunner$1.schedule(ParentRunner.java:63)\r\n\tat org.junit.runners.ParentRunner.runChildren(ParentRunner.java:236)\r\n\tat org.junit.runners.ParentRunner.access$000(ParentRunner.java:53)\r\n\tat org.junit.runners.ParentRunner$2.evaluate(ParentRunner.java:229)\r\n\tat io.cucumber.junit.Cucumber$RunCucumber.evaluate(Cucumber.java:235)\r\n\tat org.junit.internal.runners.statements.RunAfters.evaluate(RunAfters.java:27)\r\n\tat org.junit.runners.ParentRunner.run(ParentRunner.java:309)\r\n\tat org.eclipse.jdt.internal.junit4.runner.JUnit4TestReference.run(JUnit4TestReference.java:89)\r\n\tat org.eclipse.jdt.internal.junit.runner.TestExecution.run(TestExecution.java:41)\r\n\tat org.eclipse.jdt.internal.junit.runner.RemoteTestRunner.runTests(RemoteTestRunner.java:541)\r\n\tat org.eclipse.jdt.internal.junit.runner.RemoteTestRunner.runTests(RemoteTestRunner.java:763)\r\n\tat org.eclipse.jdt.internal.junit.runner.RemoteTestRunner.run(RemoteTestRunner.java:463)\r\n\tat org.eclipse.jdt.internal.junit.runner.RemoteTestRunner.main(RemoteTestRunner.java:209)\r\n",
              "duration": 1010000000,
              "status": "failed"
            },
            "match": {
              "location": "stepDefinitions.Initializer.beforeHooks(io.cucumber.java.Scenario)"
            }
          }
        ],
        "line": 9,
        "name": "Login to Test Environment with One User",
        "description": "",
        "id": "login-to-test-environment-website;login-to-test-environment-with-one-user",
        "after": [
          {
            "result": {
              "error_message": "java.lang.NullPointerException\r\n\tat stepDefinitions.Initializer.afterHooks(Initializer.java:39)\r\n",
              "status": "failed"
            },
            "match": {
              "location": "stepDefinitions.Initializer.afterHooks(io.cucumber.java.Scenario)"
            }
          }
        ],
        "type": "scenario",
        "keyword": "Scenario",
        "steps": [
          {
            "result": {
              "status": "skipped"
            },
            "line": 10,
            "name": "I enter my username and password",
            "match": {
              "location": "stepDefinitions.MultiLoginSteps.I_enter_my_username_and_password()"
            },
            "keyword": "And "
          },
          {
            "result": {
              "status": "skipped"
            },
            "line": 11,
            "name": "I click on login button",
            "match": {
              "location": "stepDefinitions.MultiLoginSteps.I_click_on_login_button()"
            },
            "keyword": "And "
          },
          {
            "result": {
              "status": "skipped"
            },
            "line": 12,
            "name": "I am logged into my Test Environment account",
            "match": {
              "location": "stepDefinitions.MultiLoginSteps.I_am_logged_into_my_Test_Environment_account()"
            },
            "keyword": "Then "
          }
        ],
        "tags": [
          {
            "name": "@loginTest"
          }
        ]
      },
      {
        "line": 3,
        "name": "",
        "description": "",
        "type": "background",
        "keyword": "Background",
        "steps": [
          {
            "result": {
              "status": "skipped"
            },
            "line": 4,
            "name": "I am on Test Environment Home Page",
            "match": {
              "location": "stepDefinitions.MultiLoginSteps.I_am_on_Test_Environment_Home_Page()"
            },
            "keyword": "Given "
          },
          {
            "result": {
              "status": "skipped"
            },
            "line": 5,
            "name": "I click on My Account button",
            "match": {
              "location": "stepDefinitions.MultiLoginSteps.I_clickon_My_Account_button()"
            },
            "keyword": "When "
          },
          {
            "result": {
              "status": "skipped"
            },
            "line": 6,
            "name": "I click on Login link",
            "match": {
              "location": "stepDefinitions.MultiLoginSteps.I_click_on_Login_link()"
            },
            "keyword": "And "
          }
        ]
      },
      {
        "start_timestamp": "2022-07-20T01:25:34.581Z",
        "before": [
          {
            "result": {
              "error_message": "io.github.bonigarcia.wdm.WebDriverManagerException: java.util.NoSuchElementException\r\n\tat io.github.bonigarcia.wdm.WebDriverManager.handleException(WebDriverManager.java:776)\r\n\tat io.github.bonigarcia.wdm.WebDriverManager.manage(WebDriverManager.java:550)\r\n\tat io.github.bonigarcia.wdm.WebDriverManager.handleException(WebDriverManager.java:773)\r\n\tat io.github.bonigarcia.wdm.WebDriverManager.manage(WebDriverManager.java:550)\r\n\tat io.github.bonigarcia.wdm.WebDriverManager.handleException(WebDriverManager.java:766)\r\n\tat io.github.bonigarcia.wdm.WebDriverManager.manage(WebDriverManager.java:550)\r\n\tat io.github.bonigarcia.wdm.WebDriverManager.setup(WebDriverManager.java:260)\r\n\tat core.BaseClass.browser(BaseClass.java:101)\r\n\tat stepDefinitions.Initializer.beforeHooks(Initializer.java:26)\r\nCaused by: java.util.NoSuchElementException\r\n\tat java.util.ArrayList$Itr.next(ArrayList.java:864)\r\n\tat io.github.bonigarcia.wdm.EdgeDriverManager.checkLatest(EdgeDriverManager.java:179)\r\n\tat io.github.bonigarcia.wdm.WebDriverManager.filterCandidateUrls(WebDriverManager.java:799)\r\n\tat io.github.bonigarcia.wdm.WebDriverManager.downloadAndExport(WebDriverManager.java:568)\r\n\tat io.github.bonigarcia.wdm.WebDriverManager.manage(WebDriverManager.java:547)\r\n\tat io.github.bonigarcia.wdm.WebDriverManager.handleException(WebDriverManager.java:773)\r\n\tat io.github.bonigarcia.wdm.WebDriverManager.manage(WebDriverManager.java:550)\r\n\tat io.github.bonigarcia.wdm.WebDriverManager.handleException(WebDriverManager.java:766)\r\n\tat io.github.bonigarcia.wdm.WebDriverManager.manage(WebDriverManager.java:550)\r\n\tat io.github.bonigarcia.wdm.WebDriverManager.setup(WebDriverManager.java:260)\r\n\tat core.BaseClass.browser(BaseClass.java:101)\r\n\tat stepDefinitions.Initializer.beforeHooks(Initializer.java:26)\r\n\tat sun.reflect.NativeMethodAccessorImpl.invoke0(Native Method)\r\n\tat sun.reflect.NativeMethodAccessorImpl.invoke(NativeMethodAccessorImpl.java:62)\r\n\tat sun.reflect.DelegatingMethodAccessorImpl.invoke(DelegatingMethodAccessorImpl.java:43)\r\n\tat java.lang.reflect.Method.invoke(Method.java:498)\r\n\tat io.cucumber.java.Invoker.doInvoke(Invoker.java:66)\r\n\tat io.cucumber.java.Invoker.invoke(Invoker.java:24)\r\n\tat io.cucumber.java.AbstractGlueDefinition.invokeMethod(AbstractGlueDefinition.java:47)\r\n\tat io.cucumber.java.JavaHookDefinition.execute(JavaHookDefinition.java:59)\r\n\tat io.cucumber.core.runner.CoreHookDefinition.execute(CoreHookDefinition.java:46)\r\n\tat io.cucumber.core.runner.HookDefinitionMatch.runStep(HookDefinitionMatch.java:21)\r\n\tat io.cucumber.core.runner.ExecutionMode$1.execute(ExecutionMode.java:10)\r\n\tat io.cucumber.core.runner.TestStep.executeStep(TestStep.java:92)\r\n\tat io.cucumber.core.runner.TestStep.run(TestStep.java:64)\r\n\tat io.cucumber.core.runner.TestCase.run(TestCase.java:98)\r\n\tat io.cucumber.core.runner.Runner.runPickle(Runner.java:73)\r\n\tat io.cucumber.junit.PickleRunners$NoStepDescriptions.run(PickleRunners.java:151)\r\n\tat io.cucumber.junit.FeatureRunner.runChild(FeatureRunner.java:135)\r\n\tat io.cucumber.junit.FeatureRunner.runChild(FeatureRunner.java:27)\r\n\tat org.junit.runners.ParentRunner$3.run(ParentRunner.java:238)\r\n\tat org.junit.runners.ParentRunner$1.schedule(ParentRunner.java:63)\r\n\tat org.junit.runners.ParentRunner.runChildren(ParentRunner.java:236)\r\n\tat org.junit.runners.ParentRunner.access$000(ParentRunner.java:53)\r\n\tat org.junit.runners.ParentRunner$2.evaluate(ParentRunner.java:229)\r\n\tat org.junit.runners.ParentRunner.run(ParentRunner.java:309)\r\n\tat io.cucumber.junit.Cucumber.runChild(Cucumber.java:200)\r\n\tat io.cucumber.junit.Cucumber.runChild(Cucumber.java:90)\r\n\tat org.junit.runners.ParentRunner$3.run(ParentRunner.java:238)\r\n\tat org.junit.runners.ParentRunner$1.schedule(ParentRunner.java:63)\r\n\tat org.junit.runners.ParentRunner.runChildren(ParentRunner.java:236)\r\n\tat org.junit.runners.ParentRunner.access$000(ParentRunner.java:53)\r\n\tat org.junit.runners.ParentRunner$2.evaluate(ParentRunner.java:229)\r\n\tat io.cucumber.junit.Cucumber$RunCucumber.evaluate(Cucumber.java:235)\r\n\tat org.junit.internal.runners.statements.RunAfters.evaluate(RunAfters.java:27)\r\n\tat org.junit.runners.ParentRunner.run(ParentRunner.java:309)\r\n\tat org.eclipse.jdt.internal.junit4.runner.JUnit4TestReference.run(JUnit4TestReference.java:89)\r\n\tat org.eclipse.jdt.internal.junit.runner.TestExecution.run(TestExecution.java:41)\r\n\tat org.eclipse.jdt.internal.junit.runner.RemoteTestRunner.runTests(RemoteTestRunner.java:541)\r\n\tat org.eclipse.jdt.internal.junit.runner.RemoteTestRunner.runTests(RemoteTestRunner.java:763)\r\n\tat org.eclipse.jdt.internal.junit.runner.RemoteTestRunner.run(RemoteTestRunner.java:463)\r\n\tat org.eclipse.jdt.internal.junit.runner.RemoteTestRunner.main(RemoteTestRunner.java:209)\r\n",
              "duration": 1022000000,
              "status": "failed"
            },
            "match": {
              "location": "stepDefinitions.Initializer.beforeHooks(io.cucumber.java.Scenario)"
            }
          }
        ],
        "line": 22,
        "name": "Login with multiple users",
        "description": "",
        "id": "login-to-test-environment-website;login-with-multiple-users;;2",
        "after": [
          {
            "result": {
              "error_message": "java.lang.NullPointerException\r\n\tat stepDefinitions.Initializer.afterHooks(Initializer.java:39)\r\n",
              "status": "failed"
            },
            "match": {
              "location": "stepDefinitions.Initializer.afterHooks(io.cucumber.java.Scenario)"
            }
          }
        ],
        "type": "scenario",
        "keyword": "Scenario Outline",
        "steps": [
          {
            "result": {
              "status": "skipped"
            },
            "line": 16,
            "name": "I enter my username \u0027tigers001@gmail.com\u0027 and password \u0027meira10\u0027",
            "match": {
              "arguments": [
                {
                  "val": "\u0027tigers001@gmail.com\u0027",
                  "offset": 20
                },
                {
                  "val": "\u0027meira10\u0027",
                  "offset": 55
                }
              ],
              "location": "stepDefinitions.MultiLoginSteps.i_enter_my_username_and_password(java.lang.String,java.lang.String)"
            },
            "keyword": "And "
          },
          {
            "result": {
              "status": "skipped"
            },
            "line": 17,
            "name": "I click on login button",
            "match": {
              "location": "stepDefinitions.MultiLoginSteps.I_click_on_login_button()"
            },
            "keyword": "And "
          },
          {
            "result": {
              "status": "skipped"
            },
            "line": 18,
            "name": "I am logged into my Test Environment account",
            "match": {
              "location": "stepDefinitions.MultiLoginSteps.I_am_logged_into_my_Test_Environment_account()"
            },
            "keyword": "Then "
          }
        ],
        "tags": [
          {
            "name": "@multiloginTest"
          }
        ]
      },
      {
        "line": 3,
        "name": "",
        "description": "",
        "type": "background",
        "keyword": "Background",
        "steps": [
          {
            "result": {
              "status": "skipped"
            },
            "line": 4,
            "name": "I am on Test Environment Home Page",
            "match": {
              "location": "stepDefinitions.MultiLoginSteps.I_am_on_Test_Environment_Home_Page()"
            },
            "keyword": "Given "
          },
          {
            "result": {
              "status": "skipped"
            },
            "line": 5,
            "name": "I click on My Account button",
            "match": {
              "location": "stepDefinitions.MultiLoginSteps.I_clickon_My_Account_button()"
            },
            "keyword": "When "
          },
          {
            "result": {
              "status": "skipped"
            },
            "line": 6,
            "name": "I click on Login link",
            "match": {
              "location": "stepDefinitions.MultiLoginSteps.I_click_on_Login_link()"
            },
            "keyword": "And "
          }
        ]
      },
      {
        "start_timestamp": "2022-07-20T01:25:35.611Z",
        "before": [
          {
            "result": {
              "error_message": "io.github.bonigarcia.wdm.WebDriverManagerException: java.util.NoSuchElementException\r\n\tat io.github.bonigarcia.wdm.WebDriverManager.handleException(WebDriverManager.java:776)\r\n\tat io.github.bonigarcia.wdm.WebDriverManager.manage(WebDriverManager.java:550)\r\n\tat io.github.bonigarcia.wdm.WebDriverManager.handleException(WebDriverManager.java:773)\r\n\tat io.github.bonigarcia.wdm.WebDriverManager.manage(WebDriverManager.java:550)\r\n\tat io.github.bonigarcia.wdm.WebDriverManager.handleException(WebDriverManager.java:766)\r\n\tat io.github.bonigarcia.wdm.WebDriverManager.manage(WebDriverManager.java:550)\r\n\tat io.github.bonigarcia.wdm.WebDriverManager.setup(WebDriverManager.java:260)\r\n\tat core.BaseClass.browser(BaseClass.java:101)\r\n\tat stepDefinitions.Initializer.beforeHooks(Initializer.java:26)\r\nCaused by: java.util.NoSuchElementException\r\n\tat java.util.ArrayList$Itr.next(ArrayList.java:864)\r\n\tat io.github.bonigarcia.wdm.EdgeDriverManager.checkLatest(EdgeDriverManager.java:179)\r\n\tat io.github.bonigarcia.wdm.WebDriverManager.filterCandidateUrls(WebDriverManager.java:799)\r\n\tat io.github.bonigarcia.wdm.WebDriverManager.downloadAndExport(WebDriverManager.java:568)\r\n\tat io.github.bonigarcia.wdm.WebDriverManager.manage(WebDriverManager.java:547)\r\n\tat io.github.bonigarcia.wdm.WebDriverManager.handleException(WebDriverManager.java:773)\r\n\tat io.github.bonigarcia.wdm.WebDriverManager.manage(WebDriverManager.java:550)\r\n\tat io.github.bonigarcia.wdm.WebDriverManager.handleException(WebDriverManager.java:766)\r\n\tat io.github.bonigarcia.wdm.WebDriverManager.manage(WebDriverManager.java:550)\r\n\tat io.github.bonigarcia.wdm.WebDriverManager.setup(WebDriverManager.java:260)\r\n\tat core.BaseClass.browser(BaseClass.java:101)\r\n\tat stepDefinitions.Initializer.beforeHooks(Initializer.java:26)\r\n\tat sun.reflect.NativeMethodAccessorImpl.invoke0(Native Method)\r\n\tat sun.reflect.NativeMethodAccessorImpl.invoke(NativeMethodAccessorImpl.java:62)\r\n\tat sun.reflect.DelegatingMethodAccessorImpl.invoke(DelegatingMethodAccessorImpl.java:43)\r\n\tat java.lang.reflect.Method.invoke(Method.java:498)\r\n\tat io.cucumber.java.Invoker.doInvoke(Invoker.java:66)\r\n\tat io.cucumber.java.Invoker.invoke(Invoker.java:24)\r\n\tat io.cucumber.java.AbstractGlueDefinition.invokeMethod(AbstractGlueDefinition.java:47)\r\n\tat io.cucumber.java.JavaHookDefinition.execute(JavaHookDefinition.java:59)\r\n\tat io.cucumber.core.runner.CoreHookDefinition.execute(CoreHookDefinition.java:46)\r\n\tat io.cucumber.core.runner.HookDefinitionMatch.runStep(HookDefinitionMatch.java:21)\r\n\tat io.cucumber.core.runner.ExecutionMode$1.execute(ExecutionMode.java:10)\r\n\tat io.cucumber.core.runner.TestStep.executeStep(TestStep.java:92)\r\n\tat io.cucumber.core.runner.TestStep.run(TestStep.java:64)\r\n\tat io.cucumber.core.runner.TestCase.run(TestCase.java:98)\r\n\tat io.cucumber.core.runner.Runner.runPickle(Runner.java:73)\r\n\tat io.cucumber.junit.PickleRunners$NoStepDescriptions.run(PickleRunners.java:151)\r\n\tat io.cucumber.junit.FeatureRunner.runChild(FeatureRunner.java:135)\r\n\tat io.cucumber.junit.FeatureRunner.runChild(FeatureRunner.java:27)\r\n\tat org.junit.runners.ParentRunner$3.run(ParentRunner.java:238)\r\n\tat org.junit.runners.ParentRunner$1.schedule(ParentRunner.java:63)\r\n\tat org.junit.runners.ParentRunner.runChildren(ParentRunner.java:236)\r\n\tat org.junit.runners.ParentRunner.access$000(ParentRunner.java:53)\r\n\tat org.junit.runners.ParentRunner$2.evaluate(ParentRunner.java:229)\r\n\tat org.junit.runners.ParentRunner.run(ParentRunner.java:309)\r\n\tat io.cucumber.junit.Cucumber.runChild(Cucumber.java:200)\r\n\tat io.cucumber.junit.Cucumber.runChild(Cucumber.java:90)\r\n\tat org.junit.runners.ParentRunner$3.run(ParentRunner.java:238)\r\n\tat org.junit.runners.ParentRunner$1.schedule(ParentRunner.java:63)\r\n\tat org.junit.runners.ParentRunner.runChildren(ParentRunner.java:236)\r\n\tat org.junit.runners.ParentRunner.access$000(ParentRunner.java:53)\r\n\tat org.junit.runners.ParentRunner$2.evaluate(ParentRunner.java:229)\r\n\tat io.cucumber.junit.Cucumber$RunCucumber.evaluate(Cucumber.java:235)\r\n\tat org.junit.internal.runners.statements.RunAfters.evaluate(RunAfters.java:27)\r\n\tat org.junit.runners.ParentRunner.run(ParentRunner.java:309)\r\n\tat org.eclipse.jdt.internal.junit4.runner.JUnit4TestReference.run(JUnit4TestReference.java:89)\r\n\tat org.eclipse.jdt.internal.junit.runner.TestExecution.run(TestExecution.java:41)\r\n\tat org.eclipse.jdt.internal.junit.runner.RemoteTestRunner.runTests(RemoteTestRunner.java:541)\r\n\tat org.eclipse.jdt.internal.junit.runner.RemoteTestRunner.runTests(RemoteTestRunner.java:763)\r\n\tat org.eclipse.jdt.internal.junit.runner.RemoteTestRunner.run(RemoteTestRunner.java:463)\r\n\tat org.eclipse.jdt.internal.junit.runner.RemoteTestRunner.main(RemoteTestRunner.java:209)\r\n",
              "duration": 1218000000,
              "status": "failed"
            },
            "match": {
              "location": "stepDefinitions.Initializer.beforeHooks(io.cucumber.java.Scenario)"
            }
          }
        ],
        "line": 23,
        "name": "Login with multiple users",
        "description": "",
        "id": "login-to-test-environment-website;login-with-multiple-users;;3",
        "after": [
          {
            "result": {
              "error_message": "java.lang.NullPointerException\r\n\tat stepDefinitions.Initializer.afterHooks(Initializer.java:39)\r\n",
              "status": "failed"
            },
            "match": {
              "location": "stepDefinitions.Initializer.afterHooks(io.cucumber.java.Scenario)"
            }
          }
        ],
        "type": "scenario",
        "keyword": "Scenario Outline",
        "steps": [
          {
            "result": {
              "status": "skipped"
            },
            "line": 16,
            "name": "I enter my username \u0027tigers002@gmail.com\u0027 and password \u0027meira10\u0027",
            "match": {
              "arguments": [
                {
                  "val": "\u0027tigers002@gmail.com\u0027",
                  "offset": 20
                },
                {
                  "val": "\u0027meira10\u0027",
                  "offset": 55
                }
              ],
              "location": "stepDefinitions.MultiLoginSteps.i_enter_my_username_and_password(java.lang.String,java.lang.String)"
            },
            "keyword": "And "
          },
          {
            "result": {
              "status": "skipped"
            },
            "line": 17,
            "name": "I click on login button",
            "match": {
              "location": "stepDefinitions.MultiLoginSteps.I_click_on_login_button()"
            },
            "keyword": "And "
          },
          {
            "result": {
              "status": "skipped"
            },
            "line": 18,
            "name": "I am logged into my Test Environment account",
            "match": {
              "location": "stepDefinitions.MultiLoginSteps.I_am_logged_into_my_Test_Environment_account()"
            },
            "keyword": "Then "
          }
        ],
        "tags": [
          {
            "name": "@multiloginTest"
          }
        ]
      },
      {
        "line": 3,
        "name": "",
        "description": "",
        "type": "background",
        "keyword": "Background",
        "steps": [
          {
            "result": {
              "status": "skipped"
            },
            "line": 4,
            "name": "I am on Test Environment Home Page",
            "match": {
              "location": "stepDefinitions.MultiLoginSteps.I_am_on_Test_Environment_Home_Page()"
            },
            "keyword": "Given "
          },
          {
            "result": {
              "status": "skipped"
            },
            "line": 5,
            "name": "I click on My Account button",
            "match": {
              "location": "stepDefinitions.MultiLoginSteps.I_clickon_My_Account_button()"
            },
            "keyword": "When "
          },
          {
            "result": {
              "status": "skipped"
            },
            "line": 6,
            "name": "I click on Login link",
            "match": {
              "location": "stepDefinitions.MultiLoginSteps.I_click_on_Login_link()"
            },
            "keyword": "And "
          }
        ]
      },
      {
        "start_timestamp": "2022-07-20T01:25:36.837Z",
        "before": [
          {
            "result": {
              "error_message": "io.github.bonigarcia.wdm.WebDriverManagerException: java.util.NoSuchElementException\r\n\tat io.github.bonigarcia.wdm.WebDriverManager.handleException(WebDriverManager.java:776)\r\n\tat io.github.bonigarcia.wdm.WebDriverManager.manage(WebDriverManager.java:550)\r\n\tat io.github.bonigarcia.wdm.WebDriverManager.handleException(WebDriverManager.java:773)\r\n\tat io.github.bonigarcia.wdm.WebDriverManager.manage(WebDriverManager.java:550)\r\n\tat io.github.bonigarcia.wdm.WebDriverManager.handleException(WebDriverManager.java:766)\r\n\tat io.github.bonigarcia.wdm.WebDriverManager.manage(WebDriverManager.java:550)\r\n\tat io.github.bonigarcia.wdm.WebDriverManager.setup(WebDriverManager.java:260)\r\n\tat core.BaseClass.browser(BaseClass.java:101)\r\n\tat stepDefinitions.Initializer.beforeHooks(Initializer.java:26)\r\nCaused by: java.util.NoSuchElementException\r\n\tat java.util.ArrayList$Itr.next(ArrayList.java:864)\r\n\tat io.github.bonigarcia.wdm.EdgeDriverManager.checkLatest(EdgeDriverManager.java:179)\r\n\tat io.github.bonigarcia.wdm.WebDriverManager.filterCandidateUrls(WebDriverManager.java:799)\r\n\tat io.github.bonigarcia.wdm.WebDriverManager.downloadAndExport(WebDriverManager.java:568)\r\n\tat io.github.bonigarcia.wdm.WebDriverManager.manage(WebDriverManager.java:547)\r\n\tat io.github.bonigarcia.wdm.WebDriverManager.handleException(WebDriverManager.java:773)\r\n\tat io.github.bonigarcia.wdm.WebDriverManager.manage(WebDriverManager.java:550)\r\n\tat io.github.bonigarcia.wdm.WebDriverManager.handleException(WebDriverManager.java:766)\r\n\tat io.github.bonigarcia.wdm.WebDriverManager.manage(WebDriverManager.java:550)\r\n\tat io.github.bonigarcia.wdm.WebDriverManager.setup(WebDriverManager.java:260)\r\n\tat core.BaseClass.browser(BaseClass.java:101)\r\n\tat stepDefinitions.Initializer.beforeHooks(Initializer.java:26)\r\n\tat sun.reflect.NativeMethodAccessorImpl.invoke0(Native Method)\r\n\tat sun.reflect.NativeMethodAccessorImpl.invoke(NativeMethodAccessorImpl.java:62)\r\n\tat sun.reflect.DelegatingMethodAccessorImpl.invoke(DelegatingMethodAccessorImpl.java:43)\r\n\tat java.lang.reflect.Method.invoke(Method.java:498)\r\n\tat io.cucumber.java.Invoker.doInvoke(Invoker.java:66)\r\n\tat io.cucumber.java.Invoker.invoke(Invoker.java:24)\r\n\tat io.cucumber.java.AbstractGlueDefinition.invokeMethod(AbstractGlueDefinition.java:47)\r\n\tat io.cucumber.java.JavaHookDefinition.execute(JavaHookDefinition.java:59)\r\n\tat io.cucumber.core.runner.CoreHookDefinition.execute(CoreHookDefinition.java:46)\r\n\tat io.cucumber.core.runner.HookDefinitionMatch.runStep(HookDefinitionMatch.java:21)\r\n\tat io.cucumber.core.runner.ExecutionMode$1.execute(ExecutionMode.java:10)\r\n\tat io.cucumber.core.runner.TestStep.executeStep(TestStep.java:92)\r\n\tat io.cucumber.core.runner.TestStep.run(TestStep.java:64)\r\n\tat io.cucumber.core.runner.TestCase.run(TestCase.java:98)\r\n\tat io.cucumber.core.runner.Runner.runPickle(Runner.java:73)\r\n\tat io.cucumber.junit.PickleRunners$NoStepDescriptions.run(PickleRunners.java:151)\r\n\tat io.cucumber.junit.FeatureRunner.runChild(FeatureRunner.java:135)\r\n\tat io.cucumber.junit.FeatureRunner.runChild(FeatureRunner.java:27)\r\n\tat org.junit.runners.ParentRunner$3.run(ParentRunner.java:238)\r\n\tat org.junit.runners.ParentRunner$1.schedule(ParentRunner.java:63)\r\n\tat org.junit.runners.ParentRunner.runChildren(ParentRunner.java:236)\r\n\tat org.junit.runners.ParentRunner.access$000(ParentRunner.java:53)\r\n\tat org.junit.runners.ParentRunner$2.evaluate(ParentRunner.java:229)\r\n\tat org.junit.runners.ParentRunner.run(ParentRunner.java:309)\r\n\tat io.cucumber.junit.Cucumber.runChild(Cucumber.java:200)\r\n\tat io.cucumber.junit.Cucumber.runChild(Cucumber.java:90)\r\n\tat org.junit.runners.ParentRunner$3.run(ParentRunner.java:238)\r\n\tat org.junit.runners.ParentRunner$1.schedule(ParentRunner.java:63)\r\n\tat org.junit.runners.ParentRunner.runChildren(ParentRunner.java:236)\r\n\tat org.junit.runners.ParentRunner.access$000(ParentRunner.java:53)\r\n\tat org.junit.runners.ParentRunner$2.evaluate(ParentRunner.java:229)\r\n\tat io.cucumber.junit.Cucumber$RunCucumber.evaluate(Cucumber.java:235)\r\n\tat org.junit.internal.runners.statements.RunAfters.evaluate(RunAfters.java:27)\r\n\tat org.junit.runners.ParentRunner.run(ParentRunner.java:309)\r\n\tat org.eclipse.jdt.internal.junit4.runner.JUnit4TestReference.run(JUnit4TestReference.java:89)\r\n\tat org.eclipse.jdt.internal.junit.runner.TestExecution.run(TestExecution.java:41)\r\n\tat org.eclipse.jdt.internal.junit.runner.RemoteTestRunner.runTests(RemoteTestRunner.java:541)\r\n\tat org.eclipse.jdt.internal.junit.runner.RemoteTestRunner.runTests(RemoteTestRunner.java:763)\r\n\tat org.eclipse.jdt.internal.junit.runner.RemoteTestRunner.run(RemoteTestRunner.java:463)\r\n\tat org.eclipse.jdt.internal.junit.runner.RemoteTestRunner.main(RemoteTestRunner.java:209)\r\n",
              "duration": 901000000,
              "status": "failed"
            },
            "match": {
              "location": "stepDefinitions.Initializer.beforeHooks(io.cucumber.java.Scenario)"
            }
          }
        ],
        "line": 24,
        "name": "Login with multiple users",
        "description": "",
        "id": "login-to-test-environment-website;login-with-multiple-users;;4",
        "after": [
          {
            "result": {
              "error_message": "java.lang.NullPointerException\r\n\tat stepDefinitions.Initializer.afterHooks(Initializer.java:39)\r\n",
              "status": "failed"
            },
            "match": {
              "location": "stepDefinitions.Initializer.afterHooks(io.cucumber.java.Scenario)"
            }
          }
        ],
        "type": "scenario",
        "keyword": "Scenario Outline",
        "steps": [
          {
            "result": {
              "status": "skipped"
            },
            "line": 16,
            "name": "I enter my username \u0027tigers003@gmail.com\u0027 and password \u0027meira10\u0027",
            "match": {
              "arguments": [
                {
                  "val": "\u0027tigers003@gmail.com\u0027",
                  "offset": 20
                },
                {
                  "val": "\u0027meira10\u0027",
                  "offset": 55
                }
              ],
              "location": "stepDefinitions.MultiLoginSteps.i_enter_my_username_and_password(java.lang.String,java.lang.String)"
            },
            "keyword": "And "
          },
          {
            "result": {
              "status": "skipped"
            },
            "line": 17,
            "name": "I click on login button",
            "match": {
              "location": "stepDefinitions.MultiLoginSteps.I_click_on_login_button()"
            },
            "keyword": "And "
          },
          {
            "result": {
              "duration": 1000000,
              "status": "skipped"
            },
            "line": 18,
            "name": "I am logged into my Test Environment account",
            "match": {
              "location": "stepDefinitions.MultiLoginSteps.I_am_logged_into_my_Test_Environment_account()"
            },
            "keyword": "Then "
          }
        ],
        "tags": [
          {
            "name": "@multiloginTest"
          }
        ]
      }
    ],
    "name": "Login to Test Environment Website",
    "description": "",
    "id": "login-to-test-environment-website",
    "keyword": "Feature",
    "uri": "classpath:features/multilogin.feature",
    "tags": []
  },
  {
    "line": 1,
    "elements": [
      {
        "start_timestamp": "2022-07-20T01:25:37.745Z",
        "before": [
          {
            "result": {
              "error_message": "io.github.bonigarcia.wdm.WebDriverManagerException: java.util.NoSuchElementException\r\n\tat io.github.bonigarcia.wdm.WebDriverManager.handleException(WebDriverManager.java:776)\r\n\tat io.github.bonigarcia.wdm.WebDriverManager.manage(WebDriverManager.java:550)\r\n\tat io.github.bonigarcia.wdm.WebDriverManager.handleException(WebDriverManager.java:773)\r\n\tat io.github.bonigarcia.wdm.WebDriverManager.manage(WebDriverManager.java:550)\r\n\tat io.github.bonigarcia.wdm.WebDriverManager.handleException(WebDriverManager.java:766)\r\n\tat io.github.bonigarcia.wdm.WebDriverManager.manage(WebDriverManager.java:550)\r\n\tat io.github.bonigarcia.wdm.WebDriverManager.setup(WebDriverManager.java:260)\r\n\tat core.BaseClass.browser(BaseClass.java:101)\r\n\tat stepDefinitions.Initializer.beforeHooks(Initializer.java:26)\r\nCaused by: java.util.NoSuchElementException\r\n\tat java.util.ArrayList$Itr.next(ArrayList.java:864)\r\n\tat io.github.bonigarcia.wdm.EdgeDriverManager.checkLatest(EdgeDriverManager.java:179)\r\n\tat io.github.bonigarcia.wdm.WebDriverManager.filterCandidateUrls(WebDriverManager.java:799)\r\n\tat io.github.bonigarcia.wdm.WebDriverManager.downloadAndExport(WebDriverManager.java:568)\r\n\tat io.github.bonigarcia.wdm.WebDriverManager.manage(WebDriverManager.java:547)\r\n\tat io.github.bonigarcia.wdm.WebDriverManager.handleException(WebDriverManager.java:773)\r\n\tat io.github.bonigarcia.wdm.WebDriverManager.manage(WebDriverManager.java:550)\r\n\tat io.github.bonigarcia.wdm.WebDriverManager.handleException(WebDriverManager.java:766)\r\n\tat io.github.bonigarcia.wdm.WebDriverManager.manage(WebDriverManager.java:550)\r\n\tat io.github.bonigarcia.wdm.WebDriverManager.setup(WebDriverManager.java:260)\r\n\tat core.BaseClass.browser(BaseClass.java:101)\r\n\tat stepDefinitions.Initializer.beforeHooks(Initializer.java:26)\r\n\tat sun.reflect.NativeMethodAccessorImpl.invoke0(Native Method)\r\n\tat sun.reflect.NativeMethodAccessorImpl.invoke(NativeMethodAccessorImpl.java:62)\r\n\tat sun.reflect.DelegatingMethodAccessorImpl.invoke(DelegatingMethodAccessorImpl.java:43)\r\n\tat java.lang.reflect.Method.invoke(Method.java:498)\r\n\tat io.cucumber.java.Invoker.doInvoke(Invoker.java:66)\r\n\tat io.cucumber.java.Invoker.invoke(Invoker.java:24)\r\n\tat io.cucumber.java.AbstractGlueDefinition.invokeMethod(AbstractGlueDefinition.java:47)\r\n\tat io.cucumber.java.JavaHookDefinition.execute(JavaHookDefinition.java:59)\r\n\tat io.cucumber.core.runner.CoreHookDefinition.execute(CoreHookDefinition.java:46)\r\n\tat io.cucumber.core.runner.HookDefinitionMatch.runStep(HookDefinitionMatch.java:21)\r\n\tat io.cucumber.core.runner.ExecutionMode$1.execute(ExecutionMode.java:10)\r\n\tat io.cucumber.core.runner.TestStep.executeStep(TestStep.java:92)\r\n\tat io.cucumber.core.runner.TestStep.run(TestStep.java:64)\r\n\tat io.cucumber.core.runner.TestCase.run(TestCase.java:98)\r\n\tat io.cucumber.core.runner.Runner.runPickle(Runner.java:73)\r\n\tat io.cucumber.junit.PickleRunners$NoStepDescriptions.run(PickleRunners.java:151)\r\n\tat io.cucumber.junit.FeatureRunner.runChild(FeatureRunner.java:135)\r\n\tat io.cucumber.junit.FeatureRunner.runChild(FeatureRunner.java:27)\r\n\tat org.junit.runners.ParentRunner$3.run(ParentRunner.java:238)\r\n\tat org.junit.runners.ParentRunner$1.schedule(ParentRunner.java:63)\r\n\tat org.junit.runners.ParentRunner.runChildren(ParentRunner.java:236)\r\n\tat org.junit.runners.ParentRunner.access$000(ParentRunner.java:53)\r\n\tat org.junit.runners.ParentRunner$2.evaluate(ParentRunner.java:229)\r\n\tat org.junit.runners.ParentRunner.run(ParentRunner.java:309)\r\n\tat io.cucumber.junit.Cucumber.runChild(Cucumber.java:200)\r\n\tat io.cucumber.junit.Cucumber.runChild(Cucumber.java:90)\r\n\tat org.junit.runners.ParentRunner$3.run(ParentRunner.java:238)\r\n\tat org.junit.runners.ParentRunner$1.schedule(ParentRunner.java:63)\r\n\tat org.junit.runners.ParentRunner.runChildren(ParentRunner.java:236)\r\n\tat org.junit.runners.ParentRunner.access$000(ParentRunner.java:53)\r\n\tat org.junit.runners.ParentRunner$2.evaluate(ParentRunner.java:229)\r\n\tat io.cucumber.junit.Cucumber$RunCucumber.evaluate(Cucumber.java:235)\r\n\tat org.junit.internal.runners.statements.RunAfters.evaluate(RunAfters.java:27)\r\n\tat org.junit.runners.ParentRunner.run(ParentRunner.java:309)\r\n\tat org.eclipse.jdt.internal.junit4.runner.JUnit4TestReference.run(JUnit4TestReference.java:89)\r\n\tat org.eclipse.jdt.internal.junit.runner.TestExecution.run(TestExecution.java:41)\r\n\tat org.eclipse.jdt.internal.junit.runner.RemoteTestRunner.runTests(RemoteTestRunner.java:541)\r\n\tat org.eclipse.jdt.internal.junit.runner.RemoteTestRunner.runTests(RemoteTestRunner.java:763)\r\n\tat org.eclipse.jdt.internal.junit.runner.RemoteTestRunner.run(RemoteTestRunner.java:463)\r\n\tat org.eclipse.jdt.internal.junit.runner.RemoteTestRunner.main(RemoteTestRunner.java:209)\r\n",
              "duration": 852000000,
              "status": "failed"
            },
            "match": {
              "location": "stepDefinitions.Initializer.beforeHooks(io.cucumber.java.Scenario)"
            }
          }
        ],
        "line": 3,
        "name": "Check the search box is functioning as expected",
        "description": "",
        "id": "verifying-the-search-box-on-tek-school-retail-page;check-the-search-box-is-functioning-as-expected",
        "after": [
          {
            "result": {
              "error_message": "java.lang.NullPointerException\r\n\tat stepDefinitions.Initializer.afterHooks(Initializer.java:39)\r\n",
              "status": "failed"
            },
            "match": {
              "location": "stepDefinitions.Initializer.afterHooks(io.cucumber.java.Scenario)"
            }
          }
        ],
        "type": "scenario",
        "keyword": "Scenario",
        "steps": [
          {
            "result": {
              "status": "skipped"
            },
            "line": 5,
            "name": "the user is on the Tek School retail page",
            "match": {
              "location": "stepDefinitions.SearchBoxStep.the_user_is_on_the_tek_school_retail_page()"
            },
            "keyword": "Given "
          },
          {
            "result": {
              "status": "skipped"
            },
            "line": 6,
            "name": "the user enter a camera in the search box",
            "match": {
              "location": "stepDefinitions.SearchBoxStep.the_user_enter_a_camera_in_the_search_box()"
            },
            "keyword": "When "
          },
          {
            "result": {
              "status": "skipped"
            },
            "line": 7,
            "name": "the user click on the search button",
            "match": {
              "location": "stepDefinitions.SearchBoxStep.the_user_click_on_the_search_button()"
            },
            "keyword": "And "
          },
          {
            "result": {
              "status": "skipped"
            },
            "line": 8,
            "name": "the user get on the result for the camera in a separate page",
            "match": {
              "location": "stepDefinitions.SearchBoxStep.the_user_get_on_the_result_for_the_camera_in_a_separate_page()"
            },
            "keyword": "Then "
          },
          {
            "result": {
              "status": "skipped"
            },
            "line": 9,
            "name": "the user click on the add to cart link",
            "match": {
              "location": "stepDefinitions.SearchBoxStep.the_user_click_on_the_add_to_cart_link()"
            },
            "keyword": "Then "
          }
        ],
        "tags": [
          {
            "name": "@SeachBoxTest"
          }
        ]
      }
    ],
    "name": "Verifying the search box on Tek School retail page",
    "description": "",
    "id": "verifying-the-search-box-on-tek-school-retail-page",
    "keyword": "Feature",
    "uri": "classpath:features/searchBox.feature",
    "tags": []
  },
  {
    "line": 1,
    "elements": [
      {
        "start_timestamp": "2022-07-20T01:25:38.601Z",
        "before": [
          {
            "result": {
              "error_message": "io.github.bonigarcia.wdm.WebDriverManagerException: java.util.NoSuchElementException\r\n\tat io.github.bonigarcia.wdm.WebDriverManager.handleException(WebDriverManager.java:776)\r\n\tat io.github.bonigarcia.wdm.WebDriverManager.manage(WebDriverManager.java:550)\r\n\tat io.github.bonigarcia.wdm.WebDriverManager.handleException(WebDriverManager.java:773)\r\n\tat io.github.bonigarcia.wdm.WebDriverManager.manage(WebDriverManager.java:550)\r\n\tat io.github.bonigarcia.wdm.WebDriverManager.handleException(WebDriverManager.java:766)\r\n\tat io.github.bonigarcia.wdm.WebDriverManager.manage(WebDriverManager.java:550)\r\n\tat io.github.bonigarcia.wdm.WebDriverManager.setup(WebDriverManager.java:260)\r\n\tat core.BaseClass.browser(BaseClass.java:101)\r\n\tat stepDefinitions.Initializer.beforeHooks(Initializer.java:26)\r\nCaused by: java.util.NoSuchElementException\r\n\tat java.util.ArrayList$Itr.next(ArrayList.java:864)\r\n\tat io.github.bonigarcia.wdm.EdgeDriverManager.checkLatest(EdgeDriverManager.java:179)\r\n\tat io.github.bonigarcia.wdm.WebDriverManager.filterCandidateUrls(WebDriverManager.java:799)\r\n\tat io.github.bonigarcia.wdm.WebDriverManager.downloadAndExport(WebDriverManager.java:568)\r\n\tat io.github.bonigarcia.wdm.WebDriverManager.manage(WebDriverManager.java:547)\r\n\tat io.github.bonigarcia.wdm.WebDriverManager.handleException(WebDriverManager.java:773)\r\n\tat io.github.bonigarcia.wdm.WebDriverManager.manage(WebDriverManager.java:550)\r\n\tat io.github.bonigarcia.wdm.WebDriverManager.handleException(WebDriverManager.java:766)\r\n\tat io.github.bonigarcia.wdm.WebDriverManager.manage(WebDriverManager.java:550)\r\n\tat io.github.bonigarcia.wdm.WebDriverManager.setup(WebDriverManager.java:260)\r\n\tat core.BaseClass.browser(BaseClass.java:101)\r\n\tat stepDefinitions.Initializer.beforeHooks(Initializer.java:26)\r\n\tat sun.reflect.NativeMethodAccessorImpl.invoke0(Native Method)\r\n\tat sun.reflect.NativeMethodAccessorImpl.invoke(NativeMethodAccessorImpl.java:62)\r\n\tat sun.reflect.DelegatingMethodAccessorImpl.invoke(DelegatingMethodAccessorImpl.java:43)\r\n\tat java.lang.reflect.Method.invoke(Method.java:498)\r\n\tat io.cucumber.java.Invoker.doInvoke(Invoker.java:66)\r\n\tat io.cucumber.java.Invoker.invoke(Invoker.java:24)\r\n\tat io.cucumber.java.AbstractGlueDefinition.invokeMethod(AbstractGlueDefinition.java:47)\r\n\tat io.cucumber.java.JavaHookDefinition.execute(JavaHookDefinition.java:59)\r\n\tat io.cucumber.core.runner.CoreHookDefinition.execute(CoreHookDefinition.java:46)\r\n\tat io.cucumber.core.runner.HookDefinitionMatch.runStep(HookDefinitionMatch.java:21)\r\n\tat io.cucumber.core.runner.ExecutionMode$1.execute(ExecutionMode.java:10)\r\n\tat io.cucumber.core.runner.TestStep.executeStep(TestStep.java:92)\r\n\tat io.cucumber.core.runner.TestStep.run(TestStep.java:64)\r\n\tat io.cucumber.core.runner.TestCase.run(TestCase.java:98)\r\n\tat io.cucumber.core.runner.Runner.runPickle(Runner.java:73)\r\n\tat io.cucumber.junit.PickleRunners$NoStepDescriptions.run(PickleRunners.java:151)\r\n\tat io.cucumber.junit.FeatureRunner.runChild(FeatureRunner.java:135)\r\n\tat io.cucumber.junit.FeatureRunner.runChild(FeatureRunner.java:27)\r\n\tat org.junit.runners.ParentRunner$3.run(ParentRunner.java:238)\r\n\tat org.junit.runners.ParentRunner$1.schedule(ParentRunner.java:63)\r\n\tat org.junit.runners.ParentRunner.runChildren(ParentRunner.java:236)\r\n\tat org.junit.runners.ParentRunner.access$000(ParentRunner.java:53)\r\n\tat org.junit.runners.ParentRunner$2.evaluate(ParentRunner.java:229)\r\n\tat org.junit.runners.ParentRunner.run(ParentRunner.java:309)\r\n\tat io.cucumber.junit.Cucumber.runChild(Cucumber.java:200)\r\n\tat io.cucumber.junit.Cucumber.runChild(Cucumber.java:90)\r\n\tat org.junit.runners.ParentRunner$3.run(ParentRunner.java:238)\r\n\tat org.junit.runners.ParentRunner$1.schedule(ParentRunner.java:63)\r\n\tat org.junit.runners.ParentRunner.runChildren(ParentRunner.java:236)\r\n\tat org.junit.runners.ParentRunner.access$000(ParentRunner.java:53)\r\n\tat org.junit.runners.ParentRunner$2.evaluate(ParentRunner.java:229)\r\n\tat io.cucumber.junit.Cucumber$RunCucumber.evaluate(Cucumber.java:235)\r\n\tat org.junit.internal.runners.statements.RunAfters.evaluate(RunAfters.java:27)\r\n\tat org.junit.runners.ParentRunner.run(ParentRunner.java:309)\r\n\tat org.eclipse.jdt.internal.junit4.runner.JUnit4TestReference.run(JUnit4TestReference.java:89)\r\n\tat org.eclipse.jdt.internal.junit.runner.TestExecution.run(TestExecution.java:41)\r\n\tat org.eclipse.jdt.internal.junit.runner.RemoteTestRunner.runTests(RemoteTestRunner.java:541)\r\n\tat org.eclipse.jdt.internal.junit.runner.RemoteTestRunner.runTests(RemoteTestRunner.java:763)\r\n\tat org.eclipse.jdt.internal.junit.runner.RemoteTestRunner.run(RemoteTestRunner.java:463)\r\n\tat org.eclipse.jdt.internal.junit.runner.RemoteTestRunner.main(RemoteTestRunner.java:209)\r\n",
              "duration": 755000000,
              "status": "failed"
            },
            "match": {
              "location": "stepDefinitions.Initializer.beforeHooks(io.cucumber.java.Scenario)"
            }
          }
        ],
        "line": 4,
        "name": "Login to Tekschool Tetail page with one user",
        "description": "",
        "id": "login-to-tekschool-website;login-to-tekschool-tetail-page-with-one-user",
        "after": [
          {
            "result": {
              "error_message": "java.lang.NullPointerException\r\n\tat stepDefinitions.Initializer.afterHooks(Initializer.java:39)\r\n",
              "status": "failed"
            },
            "match": {
              "location": "stepDefinitions.Initializer.afterHooks(io.cucumber.java.Scenario)"
            }
          }
        ],
        "type": "scenario",
        "keyword": "Scenario",
        "steps": [
          {
            "result": {
              "status": "skipped"
            },
            "line": 5,
            "name": "I am on Tekschool Tetail page",
            "match": {
              "location": "stepDefinitions.SingleLoginSteps.i_am_on_tekschool_tetail_page()"
            },
            "keyword": "Given "
          },
          {
            "result": {
              "status": "skipped"
            },
            "line": 6,
            "name": "I click on my account link",
            "match": {
              "location": "stepDefinitions.SingleLoginSteps.i_click_on_my_account_link()"
            },
            "keyword": "When "
          },
          {
            "result": {
              "status": "skipped"
            },
            "line": 7,
            "name": "I click on login link",
            "match": {
              "location": "stepDefinitions.SingleLoginSteps.i_click_on_login_link()"
            },
            "keyword": "And "
          },
          {
            "result": {
              "status": "skipped"
            },
            "line": 8,
            "name": "I enter my correct username and password",
            "match": {
              "location": "stepDefinitions.SingleLoginSteps.i_enter_my_correct_username_and_password()"
            },
            "keyword": "Then "
          },
          {
            "result": {
              "status": "skipped"
            },
            "line": 9,
            "name": "I click on login button",
            "match": {
              "location": "stepDefinitions.MultiLoginSteps.I_click_on_login_button()"
            },
            "keyword": "Then "
          },
          {
            "result": {
              "status": "skipped"
            },
            "line": 10,
            "name": "I logged into the Tekschool Tetail page",
            "match": {
              "location": "stepDefinitions.SingleLoginSteps.i_logged_into_the_tekschool_tetail_page()"
            },
            "keyword": "Then "
          }
        ],
        "tags": [
          {
            "name": "@singlelogin"
          }
        ]
      }
    ],
    "name": "login to Tekschool Website",
    "description": "",
    "id": "login-to-tekschool-website",
    "keyword": "Feature",
    "uri": "classpath:features/singlelogin.feature",
    "tags": []
  }
]